<?xml version="1.0" encoding="UTF-8"?>
<!-- Generated by org.testng.reporters.JUnitReportReporter -->
<testsuite hostname="DESKTOP-3LKHQ4R" failures="0" tests="1" name="TESTNG.CreateContactsTest" time="22.999" errors="0" timestamp="2025-04-08T20:03:00 IST" skipped="0">
  <testcase classname="TESTNG.CreateContactsTest" name="createContactsTest" time="22.999"/>
  <system-out/>
</testsuite> <!-- TESTNG.CreateContactsTest -->
