<?xml version="1.0" encoding="UTF-8"?>
<!-- Generated by org.testng.reporters.JUnitReportReporter -->
<testsuite hostname="DESKTOP-3LKHQ4R" failures="0" tests="4" name="TESTNG.DataProviderUsingExcelTestData" time="130.144" errors="0" timestamp="2025-04-07T15:58:18 IST" skipped="0">
  <testcase classname="TESTNG.DataProviderUsingExcelTestData" name="createVtigerContactFromExcelTestDataProviderMethod" time="20.154"/>
  <system-out/>
  <testcase classname="TESTNG.DataProviderUsingExcelTestData" name="createVtigerContactFromExcelTestDataProviderMethod" time="24.193"/>
  <system-out/>
  <testcase classname="TESTNG.DataProviderUsingExcelTestData" name="createVtigerContactFromExcelTestDataProviderMethod" time="62.321"/>
  <system-out/>
  <testcase classname="TESTNG.DataProviderUsingExcelTestData" name="createVtigerContactFromExcelTestDataProviderMethod" time="23.476"/>
  <system-out/>
</testsuite> <!-- TESTNG.DataProviderUsingExcelTestData -->
