<?xml version="1.0" encoding="UTF-8"?>
<!-- Generated by org.testng.reporters.JUnitReportReporter -->
<testsuite hostname="DESKTOP-3LKHQ4R" failures="0" tests="1" name="TESTNG.SoftAssertExample" time="0.019" errors="0" timestamp="2025-04-10T09:58:11 IST" skipped="0">
  <testcase classname="TESTNG.SoftAssertExample" name="m2" time="0.019"/>
  <system-out/>
</testsuite> <!-- TESTNG.SoftAssertExample -->
