<?xml version="1.0" encoding="UTF-8"?>
<!-- Generated by org.testng.reporters.JUnitReportReporter -->
<testsuite hostname="DESKTOP-3LKHQ4R" failures="0" tests="1" name="TESTNG.CreateCampaignsTest" time="22.044" errors="0" timestamp="2025-04-11T19:28:13 IST" skipped="0">
  <testcase classname="TESTNG.CreateCampaignsTest" name="createCampaignsTest" time="22.044"/>
  <system-out/>
</testsuite> <!-- TESTNG.CreateCampaignsTest -->
