<?xml version="1.0" encoding="UTF-8"?>
<!-- Generated by org.testng.reporters.JUnitReportReporter -->
<testsuite hostname="DESKTOP-3LKHQ4R" failures="0" tests="1" name="TESTNG.CreateAndDeleteProductFromTheProductListTest" time="53.025" errors="0" timestamp="2025-04-03T20:13:54 IST" skipped="0">
  <testcase classname="TESTNG.CreateAndDeleteProductFromTheProductListTest" name="createAndDeleteProductFromTheProductListTest" time="53.025"/>
  <system-out/>
</testsuite> <!-- TESTNG.CreateAndDeleteProductFromTheProductListTest -->
