<?xml version="1.0" encoding="UTF-8"?>
<!-- Generated by org.testng.reporters.JUnitReportReporter -->
<testsuite hostname="DESKTOP-3LKHQ4R" failures="0" tests="3" name="TESTNG.DataProviderUsingHardCodingMethod" time="0.011" errors="0" timestamp="2025-04-05T20:00:42 IST" skipped="0">
  <testcase classname="TESTNG.DataProviderUsingHardCodingMethod" name="bookTickets" time="0.002"/>
  <system-out/>
  <testcase classname="TESTNG.DataProviderUsingHardCodingMethod" name="bookTickets" time="0.007"/>
  <system-out/>
  <testcase classname="TESTNG.DataProviderUsingHardCodingMethod" name="bookTickets" time="0.002"/>
  <system-out/>
</testsuite> <!-- TESTNG.DataProviderUsingHardCodingMethod -->
