<?xml version="1.0" encoding="UTF-8"?>
<!-- Generated by org.testng.reporters.JUnitReportReporter -->
<testsuite hostname="DESKTOP-3LKHQ4R" failures="0" tests="4" name="TESTNG.DataProviderUsingHardCodingMethodEx2" time="118.378" errors="0" timestamp="2025-04-05T20:25:59 IST" skipped="0">
  <testcase classname="TESTNG.DataProviderUsingHardCodingMethodEx2" name="createVtigerContact" time="25.844"/>
  <system-out/>
  <testcase classname="TESTNG.DataProviderUsingHardCodingMethodEx2" name="createVtigerContact" time="36.964"/>
  <system-out/>
  <testcase classname="TESTNG.DataProviderUsingHardCodingMethodEx2" name="createVtigerContact" time="23.765"/>
  <system-out/>
  <testcase classname="TESTNG.DataProviderUsingHardCodingMethodEx2" name="createVtigerContact" time="31.805"/>
  <system-out/>
</testsuite> <!-- TESTNG.DataProviderUsingHardCodingMethodEx2 -->
