<?xml version="1.0" encoding="UTF-8"?>
<!-- Generated by org.testng.reporters.JUnitReportReporter -->
<testsuite hostname="DESKTOP-3LKHQ4R" failures="0" tests="1" name="TESTNG.CreateProductAndDeletePrdByCommonDeleteButtonTest" time="18.230" errors="0" timestamp="2025-04-03T20:13:54 IST" skipped="0">
  <testcase classname="TESTNG.CreateProductAndDeletePrdByCommonDeleteButtonTest" name="createProductAndDeletePrdByCommonDeleteButtonTest" time="18.230"/>
  <system-out/>
</testsuite> <!-- TESTNG.CreateProductAndDeletePrdByCommonDeleteButtonTest -->
