<?xml version="1.0" encoding="UTF-8"?>
<!-- Generated by org.testng.reporters.JUnitReportReporter -->
<testsuite hostname="DESKTOP-3LKHQ4R" failures="0" tests="1" name="TESTNG.DeleteProductWithoutClickingCheckBoxTest" time="23.781" errors="0" timestamp="2025-04-03T20:13:54 IST" skipped="0">
  <testcase classname="TESTNG.DeleteProductWithoutClickingCheckBoxTest" name="deleteProductWithoutClickingCheckBoxTest" time="23.781"/>
  <system-out/>
</testsuite> <!-- TESTNG.DeleteProductWithoutClickingCheckBoxTest -->
