<?xml version="1.0" encoding="UTF-8"?>
<!-- Generated by org.testng.reporters.JUnitReportReporter -->
<testsuite hostname="DESKTOP-3LKHQ4R" failures="0" tests="1" name="TESTNG.AddingProductToCampaignsTest" time="23.027" errors="0" timestamp="2025-04-11T10:23:51 IST" skipped="0">
  <testcase classname="TESTNG.AddingProductToCampaignsTest" name="addingProductToCampaignsTest" time="23.027"/>
  <system-out/>
</testsuite> <!-- TESTNG.AddingProductToCampaignsTest -->
