<?xml version="1.0" encoding="UTF-8"?>
<!-- Generated by org.testng.reporters.JUnitReportReporter -->
<testsuite hostname="DESKTOP-3LKHQ4R" failures="0" tests="1" name="TESTNG.CreateOrganizationsTest" time="16.328" errors="0" timestamp="2025-04-11T10:05:35 IST" skipped="0">
  <testcase classname="TESTNG.CreateOrganizationsTest" name="createOrganizationsTest" time="16.328"/>
  <system-out/>
</testsuite> <!-- TESTNG.CreateOrganizationsTest -->
