<?xml version="1.0" encoding="UTF-8"?>
<!-- Generated by org.testng.reporters.JUnitReportReporter -->
<testsuite hostname="DESKTOP-3LKHQ4R" failures="0" tests="1" name="TESTNG.deleteOrganizationTest" time="21.791" errors="0" timestamp="2025-04-11T18:38:13 IST" skipped="0">
  <testcase classname="TESTNG.deleteOrganizationTest" name="deleteOrganizationTest" time="21.791"/>
  <system-out/>
</testsuite> <!-- TESTNG.deleteOrganizationTest -->
