<?xml version="1.0" encoding="UTF-8"?>
<!-- Generated by org.testng.reporters.JUnitReportReporter -->
<testsuite hostname="DESKTOP-3LKHQ4R" failures="0" tests="6" name="TESTNG.TrialTest" time="48.441" errors="0" timestamp="2025-04-03T19:50:49 IST" skipped="0">
  <testcase classname="TESTNG.TrialTest" name="logIn" time="7.251"/>
  <system-out/>
  <testcase classname="TESTNG.TrialTest" name="addToCart" time="4.615"/>
  <system-out/>
  <testcase classname="TESTNG.TrialTest" name="logOut" time="8.754"/>
  <system-out/>
  <testcase classname="TESTNG.TrialTest" name="printMyStatement" time="8.245"/>
  <system-out/>
  <testcase classname="TESTNG.TrialTest" name="printMyStatement" time="11.992"/>
  <system-out/>
  <testcase classname="TESTNG.TrialTest" name="printMyStatement" time="7.584"/>
  <system-out/>
</testsuite> <!-- TESTNG.TrialTest -->
