<?xml version="1.0" encoding="UTF-8"?>
<!-- Generated by org.testng.reporters.JUnitReportReporter -->
<testsuite hostname="DESKTOP-3LKHQ4R" failures="0" tests="1" name="TESTNG.HardAssertExample1" time="0.015" errors="0" timestamp="2025-04-07T20:18:19 IST" skipped="0">
  <testcase classname="TESTNG.HardAssertExample1" name="method7AssertFAlseWIthMessage" time="0.015"/>
  <system-out/>
</testsuite> <!-- TESTNG.HardAssertExample1 -->
